# JRE version: OpenJDK Runtime Environment (8.0_152-b06) (build 1.8.0_152-release-1136-b06)
# Java VM: OpenJDK 64-Bit Server VM (25.152-b06 mixed mode windows-amd64 compressed oops)
Heap:
 PSYoungGen      total 67584K, used 5444K [0x00000000e0000000, 0x00000000e4c80000, 0x0000000100000000)
  eden space 57856K, 9% used [0x00000000e0000000,0x00000000e0551300,0x00000000e3880000)
  from space 9728K, 0% used [0x00000000e4300000,0x00000000e4300000,0x00000000e4c80000)
  to   space 9216K, 0% used [0x00000000e3a00000,0x00000000e3a00000,0x00000000e4300000)
 ParOldGen       total 52736K, used 14010K [0x00000000a0000000, 0x00000000a3380000, 0x00000000e0000000)
  object space 52736K, 26% used [0x00000000a0000000,0x00000000a0daea08,0x00000000a3380000)
 Metaspace       used 35484K, capacity 36214K, committed 36480K, reserved 1081344K
  class space    used 4891K, capacity 5133K, committed 5248K, reserved 1048576K
GC Heap History (10 events):
Event: 19.069 GC heap before
{Heap before GC invocations=8 (full 1):
 PSYoungGen      total 43008K, used 36583K [0x00000000e0000000, 0x00000000e4e00000, 0x0000000100000000)
  eden space 32768K, 100% used [0x00000000e0000000,0x00000000e2000000,0x00000000e2000000)
  from space 10240K, 37% used [0x00000000e2a00000,0x00000000e2db9ee0,0x00000000e3400000)
  to   space 10240K, 0% used [0x00000000e2000000,0x00000000e2000000,0x00000000e2a00000)
 ParOldGen       total 52736K, used 8219K [0x00000000a0000000, 0x00000000a3380000, 0x00000000e0000000)
  object space 52736K, 15% used [0x00000000a0000000,0x00000000a0806f30,0x00000000a3380000)
 Metaspace       used 26583K, capacity 27094K, committed 27392K, reserved 1073152K
  class space    used 3660K, capacity 3797K, committed 3840K, reserved 1048576K
Event: 19.075 GC heap after
Heap after GC invocations=8 (full 1):
 PSYoungGen      total 43008K, used 4936K [0x00000000e0000000, 0x00000000e4e00000, 0x0000000100000000)
  eden space 32768K, 0% used [0x00000000e0000000,0x00000000e0000000,0x00000000e2000000)
  from space 10240K, 48% used [0x00000000e2000000,0x00000000e24d2358,0x00000000e2a00000)
  to   space 10240K, 0% used [0x00000000e4400000,0x00000000e4400000,0x00000000e4e00000)
 ParOldGen       total 52736K, used 8227K [0x00000000a0000000, 0x00000000a3380000, 0x00000000e0000000)
  object space 52736K, 15% used [0x00000000a0000000,0x00000000a0808f30,0x00000000a3380000)
 Metaspace       used 26583K, capacity 27094K, committed 27392K, reserved 1073152K
  class space    used 3660K, capacity 3797K, committed 3840K, reserved 1048576K
}
Event: 19.552 GC heap before
{Heap before GC invocations=9 (full 1):
 PSYoungGen      total 43008K, used 37704K [0x00000000e0000000, 0x00000000e4e00000, 0x0000000100000000)
  eden space 32768K, 100% used [0x00000000e0000000,0x00000000e2000000,0x00000000e2000000)
  from space 10240K, 48% used [0x00000000e2000000,0x00000000e24d2358,0x00000000e2a00000)
  to   space 10240K, 0% used [0x00000000e4400000,0x00000000e4400000,0x00000000e4e00000)
 ParOldGen       total 52736K, used 8227K [0x00000000a0000000, 0x00000000a3380000, 0x00000000e0000000)
  object space 52736K, 15% used [0x00000000a0000000,0x00000000a0808f30,0x00000000a3380000)
 Metaspace       used 28500K, capacity 28924K, committed 29056K, reserved 1075200K
  class space    used 3991K, capacity 4151K, committed 4224K, reserved 1048576K
Event: 19.557 GC heap after
Heap after GC invocations=9 (full 1):
 PSYoungGen      total 68608K, used 5929K [0x00000000e0000000, 0x00000000e4d00000, 0x0000000100000000)
  eden space 59392K, 0% used [0x00000000e0000000,0x00000000e0000000,0x00000000e3a00000)
  from space 9216K, 64% used [0x00000000e4400000,0x00000000e49ca4e8,0x00000000e4d00000)
  to   space 9728K, 0% used [0x00000000e3a00000,0x00000000e3a00000,0x00000000e4380000)
 ParOldGen       total 52736K, used 8235K [0x00000000a0000000, 0x00000000a3380000, 0x00000000e0000000)
  object space 52736K, 15% used [0x00000000a0000000,0x00000000a080af30,0x00000000a3380000)
 Metaspace       used 28500K, capacity 28924K, committed 29056K, reserved 1075200K
  class space    used 3991K, capacity 4151K, committed 4224K, reserved 1048576K
}
Event: 25.020 GC heap before
{Heap before GC invocations=10 (full 1):
 PSYoungGen      total 68608K, used 65321K [0x00000000e0000000, 0x00000000e4d00000, 0x0000000100000000)
  eden space 59392K, 100% used [0x00000000e0000000,0x00000000e3a00000,0x00000000e3a00000)
  from space 9216K, 64% used [0x00000000e4400000,0x00000000e49ca4e8,0x00000000e4d00000)
  to   space 9728K, 0% used [0x00000000e3a00000,0x00000000e3a00000,0x00000000e4380000)
 ParOldGen       total 52736K, used 8235K [0x00000000a0000000, 0x00000000a3380000, 0x00000000e0000000)
  object space 52736K, 15% used [0x00000000a0000000,0x00000000a080af30,0x00000000a3380000)
 Metaspace       used 33987K, capacity 34626K, committed 34688K, reserved 1079296K
  class space    used 4756K, capacity 4989K, committed 4992K, reserved 1048576K
Event: 25.032 GC heap after
Heap after GC invocations=10 (full 1):
 PSYoungGen      total 67072K, used 8926K [0x00000000e0000000, 0x00000000e4c80000, 0x0000000100000000)
  eden space 57856K, 0% used [0x00000000e0000000,0x00000000e0000000,0x00000000e3880000)
  from space 9216K, 96% used [0x00000000e3a00000,0x00000000e42b7bf0,0x00000000e4300000)
  to   space 9728K, 0% used [0x00000000e4300000,0x00000000e4300000,0x00000000e4c80000)
 ParOldGen       total 52736K, used 9811K [0x00000000a0000000, 0x00000000a3380000, 0x00000000e0000000)
  object space 52736K, 18% used [0x00000000a0000000,0x00000000a0994fb0,0x00000000a3380000)
 Metaspace       used 33987K, capacity 34626K, committed 34688K, reserved 1079296K
  class space    used 4756K, capacity 4989K, committed 4992K, reserved 1048576K
}
Event: 25.094 GC heap before
{Heap before GC invocations=11 (full 1):
 PSYoungGen      total 67072K, used 12233K [0x00000000e0000000, 0x00000000e4c80000, 0x0000000100000000)
  eden space 57856K, 5% used [0x00000000e0000000,0x00000000e033a8f8,0x00000000e3880000)
  from space 9216K, 96% used [0x00000000e3a00000,0x00000000e42b7bf0,0x00000000e4300000)
  to   space 9728K, 0% used [0x00000000e4300000,0x00000000e4300000,0x00000000e4c80000)
 ParOldGen       total 52736K, used 9811K [0x00000000a0000000, 0x00000000a3380000, 0x00000000e0000000)
  object space 52736K, 18% used [0x00000000a0000000,0x00000000a0994fb0,0x00000000a3380000)
 Metaspace       used 34688K, capacity 35344K, committed 35416K, reserved 1079296K
  class space    used 4812K, capacity 5060K, committed 5120K, reserved 1048576K
Event: 25.100 GC heap after
Heap after GC invocations=11 (full 1):
 PSYoungGen      total 67584K, used 3749K [0x00000000e0000000, 0x00000000e4c80000, 0x0000000100000000)
  eden space 57856K, 0% used [0x00000000e0000000,0x00000000e0000000,0x00000000e3880000)
  from space 9728K, 38% used [0x00000000e4300000,0x00000000e46a9720,0x00000000e4c80000)
  to   space 9216K, 0% used [0x00000000e3a00000,0x00000000e3a00000,0x00000000e4300000)
 ParOldGen       total 52736K, used 11992K [0x00000000a0000000, 0x00000000a3380000, 0x00000000e0000000)
  object space 52736K, 22% used [0x00000000a0000000,0x00000000a0bb6150,0x00000000a3380000)
 Metaspace       used 34688K, capacity 35344K, committed 35416K, reserved 1079296K
  class space    used 4812K, capacity 5060K, committed 5120K, reserved 1048576K
}
Event: 25.100 GC heap before
{Heap before GC invocations=12 (full 2):
 PSYoungGen      total 67584K, used 3749K [0x00000000e0000000, 0x00000000e4c80000, 0x0000000100000000)
  eden space 57856K, 0% used [0x00000000e0000000,0x00000000e0000000,0x00000000e3880000)
  from space 9728K, 38% used [0x00000000e4300000,0x00000000e46a9720,0x00000000e4c80000)
  to   space 9216K, 0% used [0x00000000e3a00000,0x00000000e3a00000,0x00000000e4300000)
 ParOldGen       total 52736K, used 11992K [0x00000000a0000000, 0x00000000a3380000, 0x00000000e0000000)
  object space 52736K, 22% used [0x00000000a0000000,0x00000000a0bb6150,0x00000000a3380000)
 Metaspace       used 34688K, capacity 35344K, committed 35416K, reserved 1079296K
  class space    used 4812K, capacity 5060K, committed 5120K, reserved 1048576K
Event: 25.197 GC heap after
Heap after GC invocations=12 (full 2):
 PSYoungGen      total 67584K, used 0K [0x00000000e0000000, 0x00000000e4c80000, 0x0000000100000000)
  eden space 57856K, 0% used [0x00000000e0000000,0x00000000e0000000,0x00000000e3880000)
  from space 9728K, 0% used [0x00000000e4300000,0x00000000e4300000,0x00000000e4c80000)
  to   space 9216K, 0% used [0x00000000e3a00000,0x00000000e3a00000,0x00000000e4300000)
 ParOldGen       total 52736K, used 14010K [0x00000000a0000000, 0x00000000a3380000, 0x00000000e0000000)
  object space 52736K, 26% used [0x00000000a0000000,0x00000000a0daea08,0x00000000a3380000)
 Metaspace       used 34688K, capacity 35344K, committed 35416K, reserved 1079296K
  class space    used 4812K, capacity 5060K, committed 5120K, reserved 1048576K
}

