# JRE version: OpenJDK Runtime Environment (8.0_152-b06) (build 1.8.0_152-release-1136-b06)
# Java VM: OpenJDK 64-Bit Server VM (25.152-b06 mixed mode windows-amd64 compressed oops)
Heap:
 PSYoungGen      total 122368K, used 117816K [0x00000000e0000000, 0x00000000e9e80000, 0x0000000100000000)
  eden space 111616K, 95% used [0x00000000e0000000,0x00000000e6894c68,0x00000000e6d00000)
  from space 10752K, 99% used [0x00000000e6d00000,0x00000000e77795a0,0x00000000e7780000)
  to   space 14848K, 0% used [0x00000000e9000000,0x00000000e9000000,0x00000000e9e80000)
 ParOldGen       total 90624K, used 22355K [0x00000000a0000000, 0x00000000a5880000, 0x00000000e0000000)
  object space 90624K, 24% used [0x00000000a0000000,0x00000000a15d4cb8,0x00000000a5880000)
 Metaspace       used 54163K, capacity 55858K, committed 56064K, reserved 1097728K
  class space    used 7403K, capacity 7830K, committed 7936K, reserved 1048576K
GC Heap History (10 events):
Event: 10.060 GC heap before
{Heap before GC invocations=9 (full 1):
 PSYoungGen      total 70656K, used 66895K [0x00000000e0000000, 0x00000000e6480000, 0x0000000100000000)
  eden space 60416K, 100% used [0x00000000e0000000,0x00000000e3b00000,0x00000000e3b00000)
  from space 10240K, 63% used [0x00000000e3b00000,0x00000000e4153f58,0x00000000e4500000)
  to   space 9728K, 0% used [0x00000000e5b00000,0x00000000e5b00000,0x00000000e6480000)
 ParOldGen       total 59904K, used 8195K [0x00000000a0000000, 0x00000000a3a80000, 0x00000000e0000000)
  object space 59904K, 13% used [0x00000000a0000000,0x00000000a0800f60,0x00000000a3a80000)
 Metaspace       used 31041K, capacity 31650K, committed 31744K, reserved 1077248K
  class space    used 4348K, capacity 4592K, committed 4608K, reserved 1048576K
Event: 10.071 GC heap after
Heap after GC invocations=9 (full 1):
 PSYoungGen      total 92160K, used 9380K [0x00000000e0000000, 0x00000000e6f00000, 0x0000000100000000)
  eden space 82432K, 0% used [0x00000000e0000000,0x00000000e0000000,0x00000000e5080000)
  from space 9728K, 96% used [0x00000000e5b00000,0x00000000e6429220,0x00000000e6480000)
  to   space 10752K, 0% used [0x00000000e5080000,0x00000000e5080000,0x00000000e5b00000)
 ParOldGen       total 59904K, used 8203K [0x00000000a0000000, 0x00000000a3a80000, 0x00000000e0000000)
  object space 59904K, 13% used [0x00000000a0000000,0x00000000a0802f60,0x00000000a3a80000)
 Metaspace       used 31041K, capacity 31650K, committed 31744K, reserved 1077248K
  class space    used 4348K, capacity 4592K, committed 4608K, reserved 1048576K
}
Event: 10.548 GC heap before
{Heap before GC invocations=10 (full 1):
 PSYoungGen      total 92160K, used 26401K [0x00000000e0000000, 0x00000000e6f00000, 0x0000000100000000)
  eden space 82432K, 20% used [0x00000000e0000000,0x00000000e109f410,0x00000000e5080000)
  from space 9728K, 96% used [0x00000000e5b00000,0x00000000e6429220,0x00000000e6480000)
  to   space 10752K, 0% used [0x00000000e5080000,0x00000000e5080000,0x00000000e5b00000)
 ParOldGen       total 59904K, used 8203K [0x00000000a0000000, 0x00000000a3a80000, 0x00000000e0000000)
  object space 59904K, 13% used [0x00000000a0000000,0x00000000a0802f60,0x00000000a3a80000)
 Metaspace       used 34688K, capacity 35330K, committed 35416K, reserved 1079296K
  class space    used 4800K, capacity 5053K, committed 5120K, reserved 1048576K
Event: 10.563 GC heap after
Heap after GC invocations=10 (full 1):
 PSYoungGen      total 93184K, used 7202K [0x00000000e0000000, 0x00000000e8400000, 0x0000000100000000)
  eden space 82432K, 0% used [0x00000000e0000000,0x00000000e0000000,0x00000000e5080000)
  from space 10752K, 66% used [0x00000000e5080000,0x00000000e5788938,0x00000000e5b00000)
  to   space 10752K, 0% used [0x00000000e7980000,0x00000000e7980000,0x00000000e8400000)
 ParOldGen       total 59904K, used 9804K [0x00000000a0000000, 0x00000000a3a80000, 0x00000000e0000000)
  object space 59904K, 16% used [0x00000000a0000000,0x00000000a0993000,0x00000000a3a80000)
 Metaspace       used 34688K, capacity 35330K, committed 35416K, reserved 1079296K
  class space    used 4800K, capacity 5053K, committed 5120K, reserved 1048576K
}
Event: 10.563 GC heap before
{Heap before GC invocations=11 (full 2):
 PSYoungGen      total 93184K, used 7202K [0x00000000e0000000, 0x00000000e8400000, 0x0000000100000000)
  eden space 82432K, 0% used [0x00000000e0000000,0x00000000e0000000,0x00000000e5080000)
  from space 10752K, 66% used [0x00000000e5080000,0x00000000e5788938,0x00000000e5b00000)
  to   space 10752K, 0% used [0x00000000e7980000,0x00000000e7980000,0x00000000e8400000)
 ParOldGen       total 59904K, used 9804K [0x00000000a0000000, 0x00000000a3a80000, 0x00000000e0000000)
  object space 59904K, 16% used [0x00000000a0000000,0x00000000a0993000,0x00000000a3a80000)
 Metaspace       used 34688K, capacity 35330K, committed 35416K, reserved 1079296K
  class space    used 4800K, capacity 5053K, committed 5120K, reserved 1048576K
Event: 10.680 GC heap after
Heap after GC invocations=11 (full 2):
 PSYoungGen      total 93184K, used 0K [0x00000000e0000000, 0x00000000e8400000, 0x0000000100000000)
  eden space 82432K, 0% used [0x00000000e0000000,0x00000000e0000000,0x00000000e5080000)
  from space 10752K, 0% used [0x00000000e5080000,0x00000000e5080000,0x00000000e5b00000)
  to   space 10752K, 0% used [0x00000000e7980000,0x00000000e7980000,0x00000000e8400000)
 ParOldGen       total 90624K, used 15243K [0x00000000a0000000, 0x00000000a5880000, 0x00000000e0000000)
  object space 90624K, 16% used [0x00000000a0000000,0x00000000a0ee2d00,0x00000000a5880000)
 Metaspace       used 34688K, capacity 35330K, committed 35416K, reserved 1079296K
  class space    used 4800K, capacity 5053K, committed 5120K, reserved 1048576K
}
Event: 11.852 GC heap before
{Heap before GC invocations=12 (full 2):
 PSYoungGen      total 93184K, used 82432K [0x00000000e0000000, 0x00000000e8400000, 0x0000000100000000)
  eden space 82432K, 100% used [0x00000000e0000000,0x00000000e5080000,0x00000000e5080000)
  from space 10752K, 0% used [0x00000000e5080000,0x00000000e5080000,0x00000000e5b00000)
  to   space 10752K, 0% used [0x00000000e7980000,0x00000000e7980000,0x00000000e8400000)
 ParOldGen       total 90624K, used 15243K [0x00000000a0000000, 0x00000000a5880000, 0x00000000e0000000)
  object space 90624K, 16% used [0x00000000a0000000,0x00000000a0ee2d00,0x00000000a5880000)
 Metaspace       used 39514K, capacity 40316K, committed 40576K, reserved 1083392K
  class space    used 5390K, capacity 5662K, committed 5760K, reserved 1048576K
Event: 11.862 GC heap after
Heap after GC invocations=12 (full 2):
 PSYoungGen      total 114176K, used 8445K [0x00000000e0000000, 0x00000000e8200000, 0x0000000100000000)
  eden space 105472K, 0% used [0x00000000e0000000,0x00000000e0000000,0x00000000e6700000)
  from space 8704K, 97% used [0x00000000e7980000,0x00000000e81bf548,0x00000000e8200000)
  to   space 10752K, 0% used [0x00000000e6d00000,0x00000000e6d00000,0x00000000e7780000)
 ParOldGen       total 90624K, used 15251K [0x00000000a0000000, 0x00000000a5880000, 0x00000000e0000000)
  object space 90624K, 16% used [0x00000000a0000000,0x00000000a0ee4d00,0x00000000a5880000)
 Metaspace       used 39514K, capacity 40316K, committed 40576K, reserved 1083392K
  class space    used 5390K, capacity 5662K, committed 5760K, reserved 1048576K
}
Event: 14.217 GC heap before
{Heap before GC invocations=13 (full 2):
 PSYoungGen      total 114176K, used 113917K [0x00000000e0000000, 0x00000000e8200000, 0x0000000100000000)
  eden space 105472K, 100% used [0x00000000e0000000,0x00000000e6700000,0x00000000e6700000)
  from space 8704K, 97% used [0x00000000e7980000,0x00000000e81bf548,0x00000000e8200000)
  to   space 10752K, 0% used [0x00000000e6d00000,0x00000000e6d00000,0x00000000e7780000)
 ParOldGen       total 90624K, used 15251K [0x00000000a0000000, 0x00000000a5880000, 0x00000000e0000000)
  object space 90624K, 16% used [0x00000000a0000000,0x00000000a0ee4d00,0x00000000a5880000)
 Metaspace       used 47754K, capacity 48748K, committed 49024K, reserved 1091584K
  class space    used 6449K, capacity 6781K, committed 6784K, reserved 1048576K
Event: 14.233 GC heap after
Heap after GC invocations=13 (full 2):
 PSYoungGen      total 122368K, used 10725K [0x00000000e0000000, 0x00000000e9e80000, 0x0000000100000000)
  eden space 111616K, 0% used [0x00000000e0000000,0x00000000e0000000,0x00000000e6d00000)
  from space 10752K, 99% used [0x00000000e6d00000,0x00000000e77795a0,0x00000000e7780000)
  to   space 14848K, 0% used [0x00000000e9000000,0x00000000e9000000,0x00000000e9e80000)
 ParOldGen       total 90624K, used 22355K [0x00000000a0000000, 0x00000000a5880000, 0x00000000e0000000)
  object space 90624K, 24% used [0x00000000a0000000,0x00000000a15d4cb8,0x00000000a5880000)
 Metaspace       used 47754K, capacity 48748K, committed 49024K, reserved 1091584K
  class space    used 6449K, capacity 6781K, committed 6784K, reserved 1048576K
}

